Started GET "/static_pages/home" for 127.0.0.1 at 2019-02-04 15:50:55 +0330
Processing by StaticPagesController#home as HTML
  Rendering static_pages/home.html.erb within layouts/application
  Rendered static_pages/home.html.erb within layouts/application (0.0ms)
Completed 200 OK in 2754ms (Views: 1907.0ms)


Started GET "/static_pages/home" for 127.0.0.1 at 2019-02-04 15:56:52 +0330
Processing by StaticPagesController#home as HTML
  Rendering static_pages/home.html.erb within layouts/application
  Rendered static_pages/home.html.erb within layouts/application (0.0ms)
Completed 200 OK in 120ms (Views: 101.1ms)


Started GET "/static_pages/home" for 127.0.0.1 at 2019-02-04 16:09:22 +0330
Processing by StaticPagesController#home as HTML
  Rendering static_pages/home.html.erb
  Rendered static_pages/home.html.erb (9.9ms)
Completed 200 OK in 380ms (Views: 76.9ms)


Started GET "/static_pages/home" for 127.0.0.1 at 2019-02-04 16:11:42 +0330
Processing by StaticPagesController#home as HTML
  Rendering static_pages/home.html.erb
  Rendered static_pages/home.html.erb (9.8ms)
Completed 200 OK in 96ms (Views: 72.0ms)


Started GET "/static_pages/home" for 127.0.0.1 at 2019-02-04 16:38:17 +0330
Processing by StaticPagesController#home as HTML
  Rendering static_pages/home.html.erb
  Rendered static_pages/home.html.erb (0.0ms)
Completed 200 OK in 380ms (Views: 78.7ms)


Started GET "/static_pages/home" for 127.0.0.1 at 2019-02-04 16:46:38 +0330
Processing by StaticPagesController#home as HTML
  Rendering static_pages/home.html.erb within layouts/application
  Rendered static_pages/home.html.erb within layouts/application (0.0ms)
Completed 200 OK in 335ms (Views: 320.2ms)


Started GET "/static_pages/contact" for 127.0.0.1 at 2019-02-04 16:49:37 +0330
Processing by StaticPagesController#contact as HTML
  Rendering static_pages/contact.html.erb within layouts/application
  Rendered static_pages/contact.html.erb within layouts/application (0.0ms)
Completed 200 OK in 110ms (Views: 97.3ms)


Started GET "/" for 127.0.0.1 at 2019-02-04 16:51:39 +0330
Processing by StaticPagesController#home as HTML
  Rendering static_pages/home.html.erb within layouts/application
  Rendered static_pages/home.html.erb within layouts/application (0.0ms)
Completed 200 OK in 114ms (Views: 94.0ms)


Started GET "/" for 127.0.0.1 at 2019-02-05 09:23:37 +0330
Processing by StaticPagesController#home as HTML
  Rendering static_pages/home.html.erb within layouts/application
  Rendered static_pages/home.html.erb within layouts/application (0.0ms)
Completed 500 Internal Server Error in 390ms


  
ActionView::Template::Error (undefined method `full_title' for #<#<Class:0x41486a0>:0x4139478>):
    1: <!DOCTYPE html>
    2: <html>
    3:   <head>
    4:     <title><%= full_title(yield(:title)) %></title>
    5:     <%= csrf_meta_tags %>
    6:     <%= stylesheet_link_tag    'application', media: 'all',
    7:                                               'data-turbolinks-track': 'reload' %>
  
app/views/layouts/application.html.erb:4:in `_app_views_layouts_application_html_erb__937676592_33145008'
Started GET "/" for 127.0.0.1 at 2019-02-05 09:28:13 +0330
Processing by StaticPagesController#home as HTML
  Rendering static_pages/home.html.erb within layouts/application
  Rendered static_pages/home.html.erb within layouts/application (0.0ms)
Completed 500 Internal Server Error in 196ms


  
ActionView::Template::Error (undefined method `full_title' for #<#<Class:0x41486a0>:0x3bedce8>):
    1: <!DOCTYPE html>
    2: <html>
    3:   <head>
    4:     <title><%= full_title(yield(:title)) %></title>
    5:     <%= csrf_meta_tags %>
    6:     <%= stylesheet_link_tag    'application', media: 'all',
    7:                                               'data-turbolinks-track': 'reload' %>
  
app/views/layouts/application.html.erb:4:in `_app_views_layouts_application_html_erb__937676592_31376004'
Started GET "/" for 127.0.0.1 at 2019-02-05 09:28:35 +0330
Processing by StaticPagesController#home as HTML
  Rendering static_pages/home.html.erb within layouts/application
  Rendered static_pages/home.html.erb within layouts/application (0.0ms)
Completed 500 Internal Server Error in 157ms


  
ActionView::Template::Error (undefined method `full_title' for #<#<Class:0x41486a0>:0x43542f0>):
    1: <!DOCTYPE html>
    2: <html>
    3:   <head>
    4:     <title><%= full_title(yield(:title)) %></title>
    5:     <%= csrf_meta_tags %>
    6:     <%= stylesheet_link_tag    'application', media: 'all',
    7:                                               'data-turbolinks-track': 'reload' %>
  
app/views/layouts/application.html.erb:4:in `_app_views_layouts_application_html_erb__937676592_35214528'
Started GET "/" for 127.0.0.1 at 2019-02-05 09:29:19 +0330
Processing by StaticPagesController#home as HTML
  Rendering static_pages/home.html.erb within layouts/application
  Rendered static_pages/home.html.erb within layouts/application (0.0ms)
Completed 500 Internal Server Error in 400ms


  
ActionView::Template::Error (undefined method `full_title' for #<#<Class:0x41580f0>:0x4138dd0>):
    1: <!DOCTYPE html>
    2: <html>
    3:   <head>
    4:     <title><%= full_title(yield(:title)) %></title>
    5:     <%= csrf_meta_tags %>
    6:     <%= stylesheet_link_tag    'application', media: 'all',
    7:                                               'data-turbolinks-track': 'reload' %>
  
app/views/layouts/application.html.erb:4:in `_app_views_layouts_application_html_erb___206586613_33126120'
Started GET "/" for 127.0.0.1 at 2019-02-05 09:29:50 +0330
Processing by StaticPagesController#home as HTML
  Rendering static_pages/home.html.erb within layouts/application
  Rendered static_pages/home.html.erb within layouts/application (0.0ms)
Completed 500 Internal Server Error in 410ms


  
ActionView::Template::Error (undefined method `full_title' for #<#<Class:0x417f4c8>:0x4174218>):
    1: <!DOCTYPE html>
    2: <html>
    3:   <head>
    4:     <title><%= full_title(yield(:title)) %></title>
    5:     <%= csrf_meta_tags %>
    6:     <%= stylesheet_link_tag    'application', media: 'all',
    7:                                               'data-turbolinks-track': 'reload' %>
  
app/views/layouts/application.html.erb:4:in `_app_views_layouts_application_html_erb__244170252_33263376'
Started GET "/" for 127.0.0.1 at 2019-02-05 09:31:16 +0330
Processing by StaticPagesController#home as HTML
  Rendering static_pages/home.html.erb within layouts/application
  Rendered static_pages/home.html.erb within layouts/application (0.0ms)
Completed 500 Internal Server Error in 194ms


  
ActionView::Template::Error (undefined method `full_title' for #<#<Class:0x417f4c8>:0x3c25878>):
    1: <!DOCTYPE html>
    2: <html>
    3:   <head>
    4:     <title><%= full_title(yield(:title)) %></title>
    5:     <%= csrf_meta_tags %>
    6:     <%= stylesheet_link_tag    'application', media: 'all',
    7:                                               'data-turbolinks-track': 'reload' %>
  
app/views/layouts/application.html.erb:4:in `_app_views_layouts_application_html_erb__244170252_31499004'
Started GET "/" for 127.0.0.1 at 2019-02-05 09:31:39 +0330
Processing by StaticPagesController#home as HTML
  Rendering static_pages/home.html.erb within layouts/application
  Rendered static_pages/home.html.erb within layouts/application (10.0ms)
Completed 500 Internal Server Error in 390ms


  
ActionView::Template::Error (undefined method `full_title' for #<#<Class:0x41c08b0>:0x419d768>):
    1: <!DOCTYPE html>
    2: <html>
    3:   <head>
    4:     <title><%= full_title(yield(:title)) %></title>
    5:     <%= csrf_meta_tags %>
    6:     <%= stylesheet_link_tag    'application', media: 'all',
    7:                                               'data-turbolinks-track': 'reload' %>
  
app/views/layouts/application.html.erb:4:in `_app_views_layouts_application_html_erb__14799455_33309228'
Started GET "/" for 127.0.0.1 at 2019-02-05 09:33:18 +0330
Processing by StaticPagesController#home as HTML
  Rendering static_pages/home.html.erb within layouts/application
  Rendered static_pages/home.html.erb within layouts/application (0.0ms)
Completed 200 OK in 1086ms (Views: 857.6ms)


Started GET "/" for 127.0.0.1 at 2019-02-05 11:11:21 +0330
Processing by StaticPagesController#home as HTML
  Rendering static_pages/home.html.erb within layouts/application
  Rendered static_pages/home.html.erb within layouts/application (6.1ms)
Completed 200 OK in 1350ms (Views: 502.2ms)


Started GET "/" for 127.0.0.1 at 2019-02-05 11:16:32 +0330
Processing by StaticPagesController#home as HTML
  Rendering static_pages/home.html.erb within layouts/application
  Rendered static_pages/home.html.erb within layouts/application (40.1ms)
Completed 500 Internal Server Error in 90ms


  
ActionView::Template::Error (The asset "rails.png" is not present in the asset pipeline.):
    10:   <%= link_to "Sign up now!", '#', class: "btn btn-lg btn-primary" %>
    11: </div>
    12: 
    13: <%= link_to image_tag("rails.png", alt: "Rails logo"),
    14:             'http://rubyonrails.org/' %>
  
app/views/static_pages/home.html.erb:13:in `_app_views_static_pages_home_html_erb__634517669_78414192'
Started GET "/" for 127.0.0.1 at 2019-02-05 11:26:56 +0330
Processing by StaticPagesController#home as HTML
  Rendering static_pages/home.html.erb within layouts/application
  Rendered static_pages/home.html.erb within layouts/application (250.1ms)
Completed 200 OK in 391ms (Views: 369.1ms)


Started GET "/" for 127.0.0.1 at 2019-02-05 11:32:19 +0330
Processing by StaticPagesController#home as HTML
  Rendering static_pages/home.html.erb within layouts/application
  Rendered static_pages/home.html.erb within layouts/application (830.7ms)
Completed 200 OK in 1829ms (Views: 973.4ms)


Started GET "/" for 127.0.0.1 at 2019-02-05 11:33:31 +0330
Processing by StaticPagesController#home as HTML
  Rendering static_pages/home.html.erb within layouts/application
  Rendered static_pages/home.html.erb within layouts/application (5.5ms)
Completed 200 OK in 7992ms (Views: 7971.6ms)


Started GET "/" for 127.0.0.1 at 2019-02-05 11:33:48 +0330
Processing by StaticPagesController#home as HTML
  Rendering static_pages/home.html.erb within layouts/application
  Rendered static_pages/home.html.erb within layouts/application (6.6ms)
Completed 200 OK in 170ms (Views: 154.2ms)


Started GET "/" for 127.0.0.1 at 2019-02-05 11:33:50 +0330
Processing by StaticPagesController#home as HTML
  Rendering static_pages/home.html.erb within layouts/application
  Rendered static_pages/home.html.erb within layouts/application (0.0ms)
Completed 200 OK in 134ms (Views: 114.0ms)


Started GET "/" for 127.0.0.1 at 2019-02-05 11:51:20 +0330
Processing by StaticPagesController#home as HTML
  Rendering static_pages/home.html.erb within layouts/application
  Rendered static_pages/home.html.erb within layouts/application (0.0ms)
Completed 200 OK in 4087ms (Views: 4072.7ms)


Started GET "/" for 127.0.0.1 at 2019-02-05 11:53:24 +0330
Processing by StaticPagesController#home as HTML
  Rendering static_pages/home.html.erb within layouts/application
  Rendered static_pages/home.html.erb within layouts/application (9.9ms)
Completed 500 Internal Server Error in 60ms


  
SyntaxError (C:/workspace/rails-apps/sample_app/app/views/static_pages/home.html.erb:14: syntax error, unexpected keyword_class, expecting ')'
...'http://rubyonrails.org/' class: "logo" );@output_buffer.saf...
...                               ^):
  
app/views/static_pages/home.html.erb:14: syntax error, unexpected keyword_class, expecting ')'
Started GET "/" for 127.0.0.1 at 2019-02-05 11:54:10 +0330
Processing by StaticPagesController#home as HTML
  Rendering static_pages/home.html.erb within layouts/application
  Rendered static_pages/home.html.erb within layouts/application (0.0ms)
Completed 200 OK in 4040ms (Views: 4028.5ms)


Started GET "/" for 127.0.0.1 at 2019-02-05 11:55:05 +0330
Processing by StaticPagesController#home as HTML
  Rendering static_pages/home.html.erb within layouts/application
  Rendered static_pages/home.html.erb within layouts/application (0.0ms)
Completed 200 OK in 125ms (Views: 116.1ms)


Started GET "/" for 127.0.0.1 at 2019-02-05 12:01:54 +0330
Processing by StaticPagesController#home as HTML
  Rendering static_pages/home.html.erb within layouts/application
  Rendered static_pages/home.html.erb within layouts/application (10.0ms)
Completed 200 OK in 4070ms (Views: 4055.8ms)


Started GET "/" for 127.0.0.1 at 2019-02-05 12:02:34 +0330
Processing by StaticPagesController#home as HTML
  Rendering static_pages/home.html.erb within layouts/application
  Rendered static_pages/home.html.erb within layouts/application (0.0ms)
Completed 200 OK in 3985ms (Views: 3964.7ms)


Started GET "/" for 127.0.0.1 at 2019-02-05 12:05:57 +0330
Processing by StaticPagesController#home as HTML
  Rendering static_pages/home.html.erb within layouts/application
  Rendered static_pages/home.html.erb within layouts/application (0.0ms)
  Rendered layouts/_shim.html.erb (0.0ms)
  Rendered layouts/_header.html.erb (0.0ms)
  Rendered layouts/_footer.html.erb (0.0ms)
Completed 200 OK in 171ms (Views: 163.3ms)


Started GET "/" for 127.0.0.1 at 2019-02-05 12:06:17 +0330
Processing by StaticPagesController#home as HTML
  Rendering static_pages/home.html.erb within layouts/application
  Rendered static_pages/home.html.erb within layouts/application (0.0ms)
  Rendered layouts/_shim.html.erb (0.0ms)
  Rendered layouts/_header.html.erb (10.3ms)
  Rendered layouts/_footer.html.erb (4.0ms)
Completed 200 OK in 4124ms (Views: 4102.9ms)


Started GET "/" for 127.0.0.1 at 2019-02-05 12:24:30 +0330
Processing by StaticPagesController#home as HTML
  Rendering static_pages/home.html.erb within layouts/application
  Rendered static_pages/home.html.erb within layouts/application (0.0ms)
  Rendered layouts/_shim.html.erb (0.0ms)
  Rendered layouts/_header.html.erb (0.0ms)
  Rendered layouts/_footer.html.erb (0.0ms)
Completed 200 OK in 4110ms (Views: 4099.7ms)


Started GET "/" for 127.0.0.1 at 2019-02-05 12:25:46 +0330
Processing by StaticPagesController#home as HTML
  Rendering static_pages/home.html.erb within layouts/application
  Rendered static_pages/home.html.erb within layouts/application (0.0ms)
  Rendered layouts/_shim.html.erb (0.0ms)
  Rendered layouts/_header.html.erb (0.0ms)
  Rendered layouts/_footer.html.erb (0.0ms)
Completed 200 OK in 4020ms (Views: 4005.7ms)


Started GET "/" for 127.0.0.1 at 2019-02-05 12:26:13 +0330
Processing by StaticPagesController#home as HTML
  Rendering static_pages/home.html.erb within layouts/application
  Rendered static_pages/home.html.erb within layouts/application (7.1ms)
  Rendered layouts/_shim.html.erb (0.0ms)
  Rendered layouts/_header.html.erb (0.0ms)
  Rendered layouts/_footer.html.erb (0.0ms)
Completed 200 OK in 4020ms (Views: 4003.5ms)


Started GET "/" for 127.0.0.1 at 2019-02-05 12:29:27 +0330
Processing by StaticPagesController#home as HTML
  Rendering static_pages/home.html.erb within layouts/application
  Rendered static_pages/home.html.erb within layouts/application (0.0ms)
  Rendered layouts/_shim.html.erb (0.0ms)
  Rendered layouts/_header.html.erb (260.2ms)
Completed 500 Internal Server Error in 406ms


  
ActionView::Template::Error (undefined local variable or method `about_path' for #<#<Class:0x5441f10>:0x9edeb38>):
     6:         <li><%= link_to "Home",   '#' %></li>
     7:         <li><%= link_to "Help",   '#' %></li>
     8:         <li><%= link_to "Log in", '#' %></li>
     9:         <<li><%= link_to "About", about_path %></li>
    10:       </ul>
    11:     </nav>
    12:   </div>
  
app/views/layouts/_header.html.erb:9:in `_app_views_layouts__header_html_erb___715676441_124419900'
app/views/layouts/application.html.erb:12:in `_app_views_layouts_application_html_erb___255907510_83289432'
Started GET "/" for 127.0.0.1 at 2019-02-05 12:39:23 +0330
Processing by StaticPagesController#home as HTML
  Rendering static_pages/home.html.erb within layouts/application
  Rendered static_pages/home.html.erb within layouts/application (0.0ms)
  Rendered layouts/_shim.html.erb (0.0ms)
  Rendered layouts/_header.html.erb (0.0ms)
  Rendered layouts/_footer.html.erb (0.0ms)
Completed 200 OK in 210ms (Views: 190.8ms)


Started GET "/" for 127.0.0.1 at 2019-02-05 12:41:43 +0330
Processing by StaticPagesController#home as HTML
  Rendering static_pages/home.html.erb within layouts/application
  Rendered static_pages/home.html.erb within layouts/application (7.0ms)
  Rendered layouts/_shim.html.erb (0.0ms)
  Rendered layouts/_header.html.erb (0.0ms)
  Rendered layouts/_footer.html.erb (0.0ms)
Completed 200 OK in 180ms (Views: 166.8ms)


Started GET "/" for 127.0.0.1 at 2019-02-05 12:41:46 +0330
Processing by StaticPagesController#home as HTML
  Rendering static_pages/home.html.erb within layouts/application
  Rendered static_pages/home.html.erb within layouts/application (0.0ms)
  Rendered layouts/_shim.html.erb (0.0ms)
  Rendered layouts/_header.html.erb (0.0ms)
  Rendered layouts/_footer.html.erb (0.0ms)
Completed 200 OK in 165ms (Views: 154.9ms)


Started GET "/help" for 127.0.0.1 at 2019-02-05 12:41:47 +0330
Processing by StaticPagesController#help as HTML
  Rendering static_pages/help.html.erb within layouts/application
  Rendered static_pages/help.html.erb within layouts/application (0.0ms)
  Rendered layouts/_shim.html.erb (1.0ms)
  Rendered layouts/_header.html.erb (1.0ms)
  Rendered layouts/_footer.html.erb (0.0ms)
Completed 200 OK in 211ms (Views: 183.1ms)


Started GET "/help" for 127.0.0.1 at 2019-02-05 12:41:48 +0330
Processing by StaticPagesController#help as HTML
  Rendering static_pages/help.html.erb within layouts/application
  Rendered static_pages/help.html.erb within layouts/application (0.0ms)
  Rendered layouts/_shim.html.erb (0.0ms)
  Rendered layouts/_header.html.erb (0.0ms)
  Rendered layouts/_footer.html.erb (0.0ms)
Completed 200 OK in 184ms (Views: 167.8ms)


Started GET "/help" for 127.0.0.1 at 2019-02-05 12:41:50 +0330
Processing by StaticPagesController#help as HTML
  Rendering static_pages/help.html.erb within layouts/application
  Rendered static_pages/help.html.erb within layouts/application (0.0ms)
  Rendered layouts/_shim.html.erb (0.0ms)
  Rendered layouts/_header.html.erb (0.0ms)
  Rendered layouts/_footer.html.erb (0.0ms)
Completed 200 OK in 170ms (Views: 154.1ms)


Started GET "/" for 127.0.0.1 at 2019-02-05 12:41:52 +0330
Processing by StaticPagesController#home as HTML
  Rendering static_pages/home.html.erb within layouts/application
  Rendered static_pages/home.html.erb within layouts/application (11.2ms)
  Rendered layouts/_shim.html.erb (0.0ms)
  Rendered layouts/_header.html.erb (0.0ms)
  Rendered layouts/_footer.html.erb (0.0ms)
Completed 200 OK in 184ms (Views: 162.1ms)


Started GET "/" for 127.0.0.1 at 2019-02-05 12:42:11 +0330
Processing by StaticPagesController#home as HTML
  Rendering static_pages/home.html.erb within layouts/application
  Rendered static_pages/home.html.erb within layouts/application (5.5ms)
  Rendered layouts/_shim.html.erb (0.0ms)
  Rendered layouts/_header.html.erb (0.0ms)
  Rendered layouts/_footer.html.erb (0.0ms)
Completed 200 OK in 188ms (Views: 175.4ms)


Started GET "/contact" for 127.0.0.1 at 2019-02-05 12:42:13 +0330
Processing by StaticPagesController#contact as HTML
  Rendering static_pages/contact.html.erb within layouts/application
  Rendered static_pages/contact.html.erb within layouts/application (0.0ms)
  Rendered layouts/_shim.html.erb (0.0ms)
  Rendered layouts/_header.html.erb (0.0ms)
  Rendered layouts/_footer.html.erb (0.0ms)
Completed 200 OK in 171ms (Views: 153.3ms)


Started GET "/about" for 127.0.0.1 at 2019-02-05 12:42:19 +0330
Processing by StaticPagesController#about as HTML
  Rendering static_pages/about.html.erb within layouts/application
  Rendered static_pages/about.html.erb within layouts/application (0.0ms)
  Rendered layouts/_shim.html.erb (0.0ms)
  Rendered layouts/_header.html.erb (1.0ms)
  Rendered layouts/_footer.html.erb (1.0ms)
Completed 200 OK in 187ms (Views: 165.5ms)


Started GET "/" for 127.0.0.1 at 2019-02-05 12:59:48 +0330
Processing by StaticPagesController#home as HTML
  Rendering static_pages/home.html.erb within layouts/application
  Rendered static_pages/home.html.erb within layouts/application (889.7ms)
  Rendered layouts/_shim.html.erb (0.0ms)
  Rendered layouts/_header.html.erb (9.6ms)
  Rendered layouts/_footer.html.erb (0.0ms)
Completed 200 OK in 1420ms (Views: 1154.6ms)


Started GET "/signup" for 127.0.0.1 at 2019-02-05 13:00:01 +0330
Processing by UsersController#new as HTML
  Rendering users/new.html.erb within layouts/application
  Rendered users/new.html.erb within layouts/application (0.0ms)
  Rendered layouts/_shim.html.erb (0.0ms)
  Rendered layouts/_header.html.erb (1.0ms)
  Rendered layouts/_footer.html.erb (1.0ms)
Completed 200 OK in 190ms (Views: 177.1ms)


